2025-08-05T15:01:18.921+05:30  INFO 27340 --- [deutsche-springboot-demo] [restartedMain] [                                                 ] c.d.d.DeutscheSpringbootDemoApplication  : Starting DeutscheSpringbootDemoApplication using Java 21.0.7 with PID 27340 (C:\DB\deutsche-springboot-demo (1)\deutsche-springboot-demo\target\classes started by srivatsa in C:\DB\deutsche-springboot-demo (1)\deutsche-springboot-demo)
2025-08-05T15:01:18.929+05:30  INFO 27340 --- [deutsche-springboot-demo] [restartedMain] [                                                 ] c.d.d.DeutscheSpringbootDemoApplication  : No active profile set, falling back to 1 default profile: "default"
2025-08-05T15:01:19.018+05:30  INFO 27340 --- [deutsche-springboot-demo] [restartedMain] [                                                 ] .e.DevToolsPropertyDefaultsPostProcessor : Devtools property defaults active! Set 'spring.devtools.add-properties' to 'false' to disable
2025-08-05T15:01:19.019+05:30  INFO 27340 --- [deutsche-springboot-demo] [restartedMain] [                                                 ] .e.DevToolsPropertyDefaultsPostProcessor : For additional web related logging consider setting the 'logging.level.web' property to 'DEBUG'
2025-08-05T15:01:21.008+05:30  INFO 27340 --- [deutsche-springboot-demo] [restartedMain] [                                                 ] .s.d.r.c.RepositoryConfigurationDelegate : Bootstrapping Spring Data JPA repositories in DEFAULT mode.
2025-08-05T15:01:21.074+05:30  INFO 27340 --- [deutsche-springboot-demo] [restartedMain] [                                                 ] .s.d.r.c.RepositoryConfigurationDelegate : Finished Spring Data repository scanning in 62 ms. Found 1 JPA repository interface.
2025-08-05T15:01:21.913+05:30  INFO 27340 --- [deutsche-springboot-demo] [restartedMain] [                                                 ] o.s.b.w.embedded.tomcat.TomcatWebServer  : Tomcat initialized with port 8090 (http)
2025-08-05T15:01:21.930+05:30  INFO 27340 --- [deutsche-springboot-demo] [restartedMain] [                                                 ] o.apache.catalina.core.StandardService   : Starting service [Tomcat]
2025-08-05T15:01:21.930+05:30  INFO 27340 --- [deutsche-springboot-demo] [restartedMain] [                                                 ] o.apache.catalina.core.StandardEngine    : Starting Servlet engine: [Apache Tomcat/10.1.43]
2025-08-05T15:01:22.008+05:30  INFO 27340 --- [deutsche-springboot-demo] [restartedMain] [                                                 ] o.a.c.c.C.[.[localhost].[/api/v1]        : Initializing Spring embedded WebApplicationContext
2025-08-05T15:01:22.010+05:30  INFO 27340 --- [deutsche-springboot-demo] [restartedMain] [                                                 ] w.s.c.ServletWebServerApplicationContext : Root WebApplicationContext: initialization completed in 2990 ms
2025-08-05T15:01:22.754+05:30  INFO 27340 --- [deutsche-springboot-demo] [restartedMain] [                                                 ] o.hibernate.jpa.internal.util.LogHelper  : HHH000204: Processing PersistenceUnitInfo [name: default]
2025-08-05T15:01:22.861+05:30  INFO 27340 --- [deutsche-springboot-demo] [restartedMain] [                                                 ] org.hibernate.Version                    : HHH000412: Hibernate ORM core version 6.6.22.Final
2025-08-05T15:01:22.899+05:30  INFO 27340 --- [deutsche-springboot-demo] [restartedMain] [                                                 ] o.h.c.internal.RegionFactoryInitiator    : HHH000026: Second-level cache disabled
2025-08-05T15:01:23.354+05:30  INFO 27340 --- [deutsche-springboot-demo] [restartedMain] [                                                 ] o.s.o.j.p.SpringPersistenceUnitInfo      : No LoadTimeWeaver setup: ignoring JPA class transformer
2025-08-05T15:01:23.394+05:30  INFO 27340 --- [deutsche-springboot-demo] [restartedMain] [                                                 ] com.zaxxer.hikari.HikariDataSource       : HikariPool-1 - Starting...
2025-08-05T15:01:23.637+05:30  INFO 27340 --- [deutsche-springboot-demo] [restartedMain] [                                                 ] com.zaxxer.hikari.pool.HikariPool        : HikariPool-1 - Added connection org.postgresql.jdbc.PgConnection@58b497f4
2025-08-05T15:01:23.637+05:30  INFO 27340 --- [deutsche-springboot-demo] [restartedMain] [                                                 ] com.zaxxer.hikari.HikariDataSource       : HikariPool-1 - Start completed.
2025-08-05T15:01:23.739+05:30  INFO 27340 --- [deutsche-springboot-demo] [restartedMain] [                                                 ] org.hibernate.orm.connections.pooling    : HHH10001005: Database info:
	Database JDBC URL [Connecting through datasource 'HikariDataSource (HikariPool-1)']
	Database driver: undefined/unknown
	Database version: 17.5
	Autocommit mode: undefined/unknown
	Isolation level: undefined/unknown
	Minimum pool size: undefined/unknown
	Maximum pool size: undefined/unknown
2025-08-05T15:01:25.259+05:30  INFO 27340 --- [deutsche-springboot-demo] [restartedMain] [                                                 ] o.h.e.t.j.p.i.JtaPlatformInitiator       : HHH000489: No JTA platform available (set 'hibernate.transaction.jta.platform' to enable JTA platform integration)
2025-08-05T15:01:25.332+05:30  INFO 27340 --- [deutsche-springboot-demo] [restartedMain] [                                                 ] j.LocalContainerEntityManagerFactoryBean : Initialized JPA EntityManagerFactory for persistence unit 'default'
2025-08-05T15:01:29.070+05:30  WARN 27340 --- [deutsche-springboot-demo] [restartedMain] [                                                 ] JpaBaseConfiguration$JpaWebConfiguration : spring.jpa.open-in-view is enabled by default. Therefore, database queries may be performed during view rendering. Explicitly configure spring.jpa.open-in-view to disable this warning
2025-08-05T15:01:30.064+05:30  INFO 27340 --- [deutsche-springboot-demo] [restartedMain] [                                                 ] r$InitializeUserDetailsManagerConfigurer : Global AuthenticationManager configured with UserDetailsService bean with name userDetailsService
2025-08-05T15:01:31.351+05:30  INFO 27340 --- [deutsche-springboot-demo] [restartedMain] [                                                 ] o.s.b.a.e.web.EndpointLinksResolver      : Exposing 1 endpoint beneath base path '/actuator'
2025-08-05T15:01:31.418+05:30  INFO 27340 --- [deutsche-springboot-demo] [restartedMain] [                                                 ] o.s.b.d.a.OptionalLiveReloadServer       : LiveReload server is running on port 35729
2025-08-05T15:01:31.554+05:30  INFO 27340 --- [deutsche-springboot-demo] [restartedMain] [                                                 ] o.s.b.w.embedded.tomcat.TomcatWebServer  : Tomcat started on port 8090 (http) with context path '/api/v1'
2025-08-05T15:01:31.583+05:30  INFO 27340 --- [deutsche-springboot-demo] [restartedMain] [                                                 ] c.d.d.DeutscheSpringbootDemoApplication  : Started DeutscheSpringbootDemoApplication in 14.116 seconds (process running for 16.022)
2025-08-05T15:01:31.599+05:30  INFO 27340 --- [deutsche-springboot-demo] [restartedMain] [                                                 ] c.d.d.DeutscheSpringbootDemoApplication  : Started
2025-08-05T15:01:31.927+05:30  INFO 27340 --- [deutsche-springboot-demo] [RMI TCP Connection(2)-192.168.1.14] [                                                 ] o.a.c.c.C.[.[localhost].[/api/v1]        : Initializing Spring DispatcherServlet 'dispatcherServlet'
2025-08-05T15:01:31.927+05:30  INFO 27340 --- [deutsche-springboot-demo] [RMI TCP Connection(2)-192.168.1.14] [                                                 ] o.s.web.servlet.DispatcherServlet        : Initializing Servlet 'dispatcherServlet'
2025-08-05T15:01:31.930+05:30  INFO 27340 --- [deutsche-springboot-demo] [RMI TCP Connection(2)-192.168.1.14] [                                                 ] o.s.web.servlet.DispatcherServlet        : Completed initialization in 3 ms
2025-08-05T15:02:27.797+05:30  INFO 27340 --- [deutsche-springboot-demo] [SpringApplicationShutdownHook] [                                                 ] o.s.b.w.e.tomcat.GracefulShutdown        : Commencing graceful shutdown. Waiting for active requests to complete
2025-08-05T15:02:27.803+05:30  INFO 27340 --- [deutsche-springboot-demo] [tomcat-shutdown] [                                                 ] o.s.b.w.e.tomcat.GracefulShutdown        : Graceful shutdown complete
2025-08-05T15:02:27.812+05:30  INFO 27340 --- [deutsche-springboot-demo] [SpringApplicationShutdownHook] [                                                 ] j.LocalContainerEntityManagerFactoryBean : Closing JPA EntityManagerFactory for persistence unit 'default'
2025-08-05T15:02:27.823+05:30  INFO 27340 --- [deutsche-springboot-demo] [SpringApplicationShutdownHook] [                                                 ] com.zaxxer.hikari.HikariDataSource       : HikariPool-1 - Shutdown initiated...
2025-08-05T15:02:27.836+05:30  INFO 27340 --- [deutsche-springboot-demo] [SpringApplicationShutdownHook] [                                                 ] com.zaxxer.hikari.HikariDataSource       : HikariPool-1 - Shutdown completed.
2025-08-05T15:28:49.275+05:30  INFO 14652 --- [deutsche-springboot-demo] [restartedMain] [                                                 ] c.d.d.DeutscheSpringbootDemoApplication  : Starting DeutscheSpringbootDemoApplication using Java 21.0.7 with PID 14652 (C:\DB\deutsche-springboot-demo (1)\deutsche-springboot-demo\target\classes started by srivatsa in C:\DB\deutsche-springboot-demo (1)\deutsche-springboot-demo)
2025-08-05T15:28:49.280+05:30  INFO 14652 --- [deutsche-springboot-demo] [restartedMain] [                                                 ] c.d.d.DeutscheSpringbootDemoApplication  : No active profile set, falling back to 1 default profile: "default"
2025-08-05T15:28:49.347+05:30  INFO 14652 --- [deutsche-springboot-demo] [restartedMain] [                                                 ] .e.DevToolsPropertyDefaultsPostProcessor : Devtools property defaults active! Set 'spring.devtools.add-properties' to 'false' to disable
2025-08-05T15:28:49.348+05:30  INFO 14652 --- [deutsche-springboot-demo] [restartedMain] [                                                 ] .e.DevToolsPropertyDefaultsPostProcessor : For additional web related logging consider setting the 'logging.level.web' property to 'DEBUG'
2025-08-05T15:28:50.869+05:30  INFO 14652 --- [deutsche-springboot-demo] [restartedMain] [                                                 ] .s.d.r.c.RepositoryConfigurationDelegate : Bootstrapping Spring Data JPA repositories in DEFAULT mode.
2025-08-05T15:28:50.926+05:30  INFO 14652 --- [deutsche-springboot-demo] [restartedMain] [                                                 ] .s.d.r.c.RepositoryConfigurationDelegate : Finished Spring Data repository scanning in 47 ms. Found 1 JPA repository interface.
2025-08-05T15:28:51.537+05:30  INFO 14652 --- [deutsche-springboot-demo] [restartedMain] [                                                 ] o.s.b.w.embedded.tomcat.TomcatWebServer  : Tomcat initialized with port 8090 (http)
2025-08-05T15:28:51.551+05:30  INFO 14652 --- [deutsche-springboot-demo] [restartedMain] [                                                 ] o.apache.catalina.core.StandardService   : Starting service [Tomcat]
2025-08-05T15:28:51.552+05:30  INFO 14652 --- [deutsche-springboot-demo] [restartedMain] [                                                 ] o.apache.catalina.core.StandardEngine    : Starting Servlet engine: [Apache Tomcat/10.1.43]
2025-08-05T15:28:51.612+05:30  INFO 14652 --- [deutsche-springboot-demo] [restartedMain] [                                                 ] o.a.c.c.C.[.[localhost].[/api/v1]        : Initializing Spring embedded WebApplicationContext
2025-08-05T15:28:51.612+05:30  INFO 14652 --- [deutsche-springboot-demo] [restartedMain] [                                                 ] w.s.c.ServletWebServerApplicationContext : Root WebApplicationContext: initialization completed in 2262 ms
2025-08-05T15:28:52.164+05:30  INFO 14652 --- [deutsche-springboot-demo] [restartedMain] [                                                 ] o.hibernate.jpa.internal.util.LogHelper  : HHH000204: Processing PersistenceUnitInfo [name: default]
2025-08-05T15:28:52.221+05:30  INFO 14652 --- [deutsche-springboot-demo] [restartedMain] [                                                 ] org.hibernate.Version                    : HHH000412: Hibernate ORM core version 6.6.22.Final
2025-08-05T15:28:52.258+05:30  INFO 14652 --- [deutsche-springboot-demo] [restartedMain] [                                                 ] o.h.c.internal.RegionFactoryInitiator    : HHH000026: Second-level cache disabled
2025-08-05T15:28:52.622+05:30  INFO 14652 --- [deutsche-springboot-demo] [restartedMain] [                                                 ] o.s.o.j.p.SpringPersistenceUnitInfo      : No LoadTimeWeaver setup: ignoring JPA class transformer
2025-08-05T15:28:52.661+05:30  INFO 14652 --- [deutsche-springboot-demo] [restartedMain] [                                                 ] com.zaxxer.hikari.HikariDataSource       : HikariPool-1 - Starting...
2025-08-05T15:28:52.891+05:30  INFO 14652 --- [deutsche-springboot-demo] [restartedMain] [                                                 ] com.zaxxer.hikari.pool.HikariPool        : HikariPool-1 - Added connection org.postgresql.jdbc.PgConnection@2a6344e2
2025-08-05T15:28:52.893+05:30  INFO 14652 --- [deutsche-springboot-demo] [restartedMain] [                                                 ] com.zaxxer.hikari.HikariDataSource       : HikariPool-1 - Start completed.
2025-08-05T15:28:52.964+05:30  INFO 14652 --- [deutsche-springboot-demo] [restartedMain] [                                                 ] org.hibernate.orm.connections.pooling    : HHH10001005: Database info:
	Database JDBC URL [Connecting through datasource 'HikariDataSource (HikariPool-1)']
	Database driver: undefined/unknown
	Database version: 17.5
	Autocommit mode: undefined/unknown
	Isolation level: undefined/unknown
	Minimum pool size: undefined/unknown
	Maximum pool size: undefined/unknown
2025-08-05T15:28:54.150+05:30  INFO 14652 --- [deutsche-springboot-demo] [restartedMain] [                                                 ] o.h.e.t.j.p.i.JtaPlatformInitiator       : HHH000489: No JTA platform available (set 'hibernate.transaction.jta.platform' to enable JTA platform integration)
2025-08-05T15:28:54.212+05:30  INFO 14652 --- [deutsche-springboot-demo] [restartedMain] [                                                 ] j.LocalContainerEntityManagerFactoryBean : Initialized JPA EntityManagerFactory for persistence unit 'default'
2025-08-05T15:28:54.650+05:30  WARN 14652 --- [deutsche-springboot-demo] [restartedMain] [                                                 ] JpaBaseConfiguration$JpaWebConfiguration : spring.jpa.open-in-view is enabled by default. Therefore, database queries may be performed during view rendering. Explicitly configure spring.jpa.open-in-view to disable this warning
2025-08-05T15:28:54.797+05:30  INFO 14652 --- [deutsche-springboot-demo] [restartedMain] [                                                 ] r$InitializeUserDetailsManagerConfigurer : Global AuthenticationManager configured with UserDetailsService bean with name userDetailsService
2025-08-05T15:28:55.630+05:30  INFO 14652 --- [deutsche-springboot-demo] [restartedMain] [                                                 ] o.s.b.a.e.web.EndpointLinksResolver      : Exposing 1 endpoint beneath base path '/actuator'
2025-08-05T15:28:55.686+05:30  INFO 14652 --- [deutsche-springboot-demo] [restartedMain] [                                                 ] o.s.b.d.a.OptionalLiveReloadServer       : LiveReload server is running on port 35729
2025-08-05T15:28:55.764+05:30  INFO 14652 --- [deutsche-springboot-demo] [restartedMain] [                                                 ] o.s.b.w.embedded.tomcat.TomcatWebServer  : Tomcat started on port 8090 (http) with context path '/api/v1'
2025-08-05T15:28:55.782+05:30  INFO 14652 --- [deutsche-springboot-demo] [restartedMain] [                                                 ] c.d.d.DeutscheSpringbootDemoApplication  : Started DeutscheSpringbootDemoApplication in 7.083 seconds (process running for 14.162)
2025-08-05T15:28:55.795+05:30  INFO 14652 --- [deutsche-springboot-demo] [restartedMain] [                                                 ] c.d.d.DeutscheSpringbootDemoApplication  : Started
2025-08-05T15:29:11.001+05:30  INFO 14652 --- [deutsche-springboot-demo] [SpringApplicationShutdownHook] [                                                 ] o.s.b.w.e.tomcat.GracefulShutdown        : Commencing graceful shutdown. Waiting for active requests to complete
2025-08-05T15:29:11.011+05:30  INFO 14652 --- [deutsche-springboot-demo] [tomcat-shutdown] [                                                 ] o.s.b.w.e.tomcat.GracefulShutdown        : Graceful shutdown complete
2025-08-05T15:29:11.019+05:30  INFO 14652 --- [deutsche-springboot-demo] [SpringApplicationShutdownHook] [                                                 ] j.LocalContainerEntityManagerFactoryBean : Closing JPA EntityManagerFactory for persistence unit 'default'
2025-08-05T15:29:11.024+05:30  INFO 14652 --- [deutsche-springboot-demo] [SpringApplicationShutdownHook] [                                                 ] com.zaxxer.hikari.HikariDataSource       : HikariPool-1 - Shutdown initiated...
2025-08-05T15:29:11.035+05:30  INFO 14652 --- [deutsche-springboot-demo] [SpringApplicationShutdownHook] [                                                 ] com.zaxxer.hikari.HikariDataSource       : HikariPool-1 - Shutdown completed.
